17:38:32.731 INFO  org.contentmine.ami.tools.AMI - args: [-p, activity, search, --dictionary, plant.xml]
17:38:32.765 DEBUG org.contentmine.ami.tools.AMI - Specified verbosity=0, this translates to level=WARN
17:38:32.766 DEBUG org.contentmine.ami.tools.AMI - Reconfiguring Console appender with WARN
17:38:32.766 INFO  org.contentmine.ami.tools.AMI - (The console will show WARN level messages)
17:38:32.767 INFO  org.contentmine.ami.tools.AMI - (Logs will also be printed to C:\Users\DELL\CEVOpen\minicorpora\logs\ami.log)
17:38:32.769 DEBUG org.contentmine.ami.tools.AMI - Version: ami 2020.08.09_09.54-NEXT-SNAPSHOT
(jar:file:/C:/Users/DELL/ami3/target/appassembler/repo/ami3-2020.08.09_09.54-NEXT-SNAPSHOT.jar)
JVM: 13.0.2 (Oracle Corporation Java HotSpot(TM) 64-Bit Server VM 13.0.2+8)
OS: Windows 10 10.0 amd64

17:38:32.770 WARN  org.contentmine.ami.tools.AbstractAMITool - 
17:38:32.770 WARN  org.contentmine.ami.tools.AbstractAMITool - Generic values (AMISearchTool)
17:38:32.771 WARN  org.contentmine.ami.tools.AbstractAMITool - ================================
17:38:32.960 INFO  org.contentmine.ami.tools.AbstractAMITool - input basename      null
17:38:32.960 INFO  org.contentmine.ami.tools.AbstractAMITool - input basename list null
17:38:32.961 INFO  org.contentmine.ami.tools.AbstractAMITool - cproject            C:\Users\DELL\CEVOpen\minicorpora\activity
17:38:32.961 INFO  org.contentmine.ami.tools.AbstractAMITool - ctree               
17:38:32.962 INFO  org.contentmine.ami.tools.AbstractAMITool - cTreeList           101 trees [activity\10.21203, activity\10.21203rs.3.rs-33785
17:38:32.962 INFO  org.contentmine.ami.tools.AbstractAMITool - excludeBase         {}
17:38:32.962 INFO  org.contentmine.ami.tools.AbstractAMITool - excludeTrees        {}
17:38:32.962 INFO  org.contentmine.ami.tools.AbstractAMITool - forceMake           false
17:38:32.962 INFO  org.contentmine.ami.tools.AbstractAMITool - includeBase         {}
17:38:32.962 INFO  org.contentmine.ami.tools.AbstractAMITool - includeTrees        null
17:38:32.963 INFO  org.contentmine.ami.tools.AbstractAMITool - log4j               {}
17:38:32.963 INFO  org.contentmine.ami.tools.AbstractAMITool - verbose             0
17:38:32.963 WARN  org.contentmine.ami.tools.AbstractAMITool - 
17:38:32.963 WARN  org.contentmine.ami.tools.AbstractAMITool - Specific values (AMISearchTool)
17:38:32.965 WARN  org.contentmine.ami.tools.AbstractAMITool - ================================
17:38:32.965 INFO  org.contentmine.ami.tools.AbstractAMITool - Command line options for 'ami search':
17:38:32.966 INFO  org.contentmine.ami.tools.AbstractAMITool - --stripNumbers      : d     false
17:38:32.966 INFO  org.contentmine.ami.tools.AbstractAMITool - --wordCount         : d (20,1000000)
17:38:32.967 INFO  org.contentmine.ami.tools.AbstractAMITool - --wordLength        : d    (1,20)
17:38:32.967 INFO  org.contentmine.ami.tools.AbstractAMITool - --wikidataBiblio    : d     false
17:38:32.967 INFO  org.contentmine.ami.tools.AbstractAMITool - --no-oldstyle       : d      true
17:38:32.967 INFO  org.contentmine.ami.tools.AbstractAMITool - --dictionary        : m [plant.xml]
17:38:32.967 INFO  org.contentmine.ami.tools.AbstractAMITool - --dictionarySuffix  : d     [xml]
17:38:32.967 INFO  org.contentmine.ami.tools.AbstractAMITool - --dictionaryTop     : d [C:\Users\DELL/ami/dictionary]
17:38:32.968 INFO  org.contentmine.ami.tools.AbstractAMITool - --ignorePlugins     : d        []
17:38:32.968 INFO  org.contentmine.ami.tools.AbstractAMITool - --help              : d     false
17:38:32.968 INFO  org.contentmine.ami.tools.AbstractAMITool - --version           : d     false
17:38:33.125 DEBUG org.contentmine.ami.tools.AMISearchTool - cannot find dictionar: C:\Users\DELL\ami\dictionary\plant.xml.xml
17:38:33.128 INFO  org.contentmine.ami.tools.AMISearchTool - cannot find dictionary: plant.xml
17:38:33.128 WARN  org.contentmine.ami.tools.AMISearchTool - created COMMAND: word(frequencies)xpath:@count>20~w.stopwords:pmcstop.txt_stopwords.txt search(plant.xml)
17:38:33.129 DEBUG org.contentmine.ami.tools.AbstractAMISearchTool - old style search command); to be changed
17:38:33.129 WARN  org.contentmine.ami.tools.AMISearchTool - cProject: activity
17:38:33.133 DEBUG org.contentmine.ami.tools.AMISearchTool - cannot find dictionar: C:\Users\DELL\ami\dictionary\plant.xml.xml
17:38:33.134 INFO  org.contentmine.ami.tools.AMISearchTool - cannot find dictionary: plant.xml
17:38:33.134 WARN  org.contentmine.ami.tools.AMISearchTool - created COMMAND: word(frequencies)xpath:@count>20~w.stopwords:pmcstop.txt_stopwords.txt search(plant.xml)
17:38:33.134 INFO  org.contentmine.ami.tools.AMISearchTool - ASTrunning search: word(frequencies)xpath:@count>20~w.stopwords:pmcstop.txt_stopwords.txt search(plant.xml)
17:38:33.134 INFO  org.contentmine.ami.tools.AbstractAMISearchTool - SEARCH running legacy processors
17:38:33.135 DEBUG org.contentmine.ami.plugins.CommandProcessor - ComProc> Reading old AMI abbreviations: obsolete these
17:38:33.139 WARN  org.contentmine.ami.tools.AbstractAMISearchTool - legacy cmd> word(frequencies)xpath:@count>20~w.stopwords:pmcstop.txt_stopwords.txt
17:38:33.140 WARN  org.contentmine.ami.tools.AbstractAMISearchTool - legacy cmd> search(plant.xml)
17:38:33.233 DEBUG org.contentmine.ami.plugins.CommandProcessor - running NORMA -i fulltext.xml -o scholarly.html --transform nlm2html --project activity
17:38:34.834 DEBUG org.contentmine.ami.plugins.CommandProcessor - 
+++++++++++++++++++running: word; word([frequencies])[{xpath:@count>20}, {w.stopwords:pmcstop.txt stopwords.txt}]
17:38:34.879 WARN  org.contentmine.ami.wordutil.WordSetWrapper - WSW> Cannot read stopword stream: /org/contentmine/ami/wordutil, ami3, version 2020/08/09_09/54-NEXT-SNAPSHOT/pmcstop.txt
17:38:34.879 WARN  org.contentmine.ami.wordutil.WordSetWrapper - WSW> Cannot read stopword stream: /org/contentmine/ami/wordutil, ami3, version 2020/08/09_09/54-NEXT-SNAPSHOT/stopwords.txt
17:38:34.890 DEBUG org.contentmine.ami.plugins.word.WordCollectionFactory - no words found to extract
17:38:34.900 DEBUG org.contentmine.ami.plugins.word.WordCollectionFactory - no words found to extract
17:38:35.302 DEBUG org.contentmine.ami.plugins.word.WordCollectionFactory - WCF>created words: 7493
17:38:35.737 DEBUG org.contentmine.ami.plugins.word.WordCollectionFactory - WCF>created words: 11175
17:38:35.921 DEBUG org.contentmine.ami.plugins.word.WordCollectionFactory - WCF>created words: 5100
17:38:36.070 DEBUG org.contentmine.ami.plugins.word.WordCollectionFactory - WCF>created words: 6937
17:38:36.310 DEBUG org.contentmine.ami.plugins.word.WordCollectionFactory - WCF>created words: 9178
17:38:36.482 DEBUG org.contentmine.ami.plugins.word.WordCollectionFactory - WCF>created words: 6800
17:38:37.009 DEBUG org.contentmine.ami.plugins.word.WordCollectionFactory - WCF>created words: 14465
17:38:37.167 DEBUG org.contentmine.ami.plugins.word.WordCollectionFactory - WCF>created words: 5583
17:38:37.283 DEBUG org.contentmine.ami.plugins.word.WordCollectionFactory - WCF>created words: 7559
17:38:37.389 DEBUG org.contentmine.ami.plugins.word.WordCollectionFactory - WCF>created words: 4248
17:38:37.486 DEBUG org.contentmine.ami.plugins.word.WordCollectionFactory - WCF>created words: 7073
17:38:37.590 DEBUG org.contentmine.ami.plugins.word.WordCollectionFactory - WCF>created words: 8110
17:38:37.723 DEBUG org.contentmine.ami.plugins.word.WordCollectionFactory - WCF>created words: 5650
17:38:37.884 DEBUG org.contentmine.ami.plugins.word.WordCollectionFactory - WCF>created words: 6824
17:38:37.994 DEBUG org.contentmine.ami.plugins.word.WordCollectionFactory - WCF>created words: 7161
17:38:38.165 DEBUG org.contentmine.ami.plugins.word.WordCollectionFactory - WCF>created words: 11107
17:38:38.283 DEBUG org.contentmine.ami.plugins.word.WordCollectionFactory - WCF>created words: 4511
17:38:38.442 DEBUG org.contentmine.ami.plugins.word.WordCollectionFactory - WCF>created words: 9871
17:38:38.545 DEBUG org.contentmine.ami.plugins.word.WordCollectionFactory - WCF>created words: 7244
17:38:38.653 DEBUG org.contentmine.ami.plugins.word.WordCollectionFactory - WCF>created words: 4952
17:38:38.807 DEBUG org.contentmine.ami.plugins.word.WordCollectionFactory - WCF>created words: 8444
17:38:38.890 DEBUG org.contentmine.ami.plugins.word.WordCollectionFactory - WCF>created words: 4404
17:38:38.979 DEBUG org.contentmine.ami.plugins.word.WordCollectionFactory - WCF>created words: 8335
17:38:39.207 DEBUG org.contentmine.ami.plugins.word.WordCollectionFactory - WCF>created words: 11622
17:38:39.323 DEBUG org.contentmine.ami.plugins.word.WordCollectionFactory - WCF>created words: 7329
17:38:39.392 DEBUG org.contentmine.ami.plugins.word.WordCollectionFactory - WCF>created words: 4879
17:38:39.477 DEBUG org.contentmine.ami.plugins.word.WordCollectionFactory - WCF>created words: 8115
17:38:39.688 DEBUG org.contentmine.ami.plugins.word.WordCollectionFactory - WCF>created words: 11247
17:38:39.802 DEBUG org.contentmine.ami.plugins.word.WordCollectionFactory - WCF>created words: 8873
17:38:39.900 DEBUG org.contentmine.ami.plugins.word.WordCollectionFactory - WCF>created words: 4980
17:38:40.049 DEBUG org.contentmine.ami.plugins.word.WordCollectionFactory - WCF>created words: 10095
17:38:40.131 DEBUG org.contentmine.ami.plugins.word.WordCollectionFactory - WCF>created words: 5550
17:38:40.221 DEBUG org.contentmine.ami.plugins.word.WordCollectionFactory - WCF>created words: 6234
17:38:40.271 DEBUG org.contentmine.ami.plugins.word.WordCollectionFactory - WCF>created words: 4231
17:38:40.386 DEBUG org.contentmine.ami.plugins.word.WordCollectionFactory - WCF>created words: 5809
17:38:40.526 DEBUG org.contentmine.ami.plugins.word.WordCollectionFactory - WCF>created words: 6381
17:38:40.616 DEBUG org.contentmine.ami.plugins.word.WordCollectionFactory - WCF>created words: 7095
17:38:40.689 DEBUG org.contentmine.ami.plugins.word.WordCollectionFactory - WCF>created words: 6854
17:38:40.747 DEBUG org.contentmine.ami.plugins.word.WordCollectionFactory - WCF>created words: 4048
17:38:40.808 DEBUG org.contentmine.ami.plugins.word.WordCollectionFactory - WCF>created words: 5694
17:38:40.876 DEBUG org.contentmine.ami.plugins.word.WordCollectionFactory - WCF>created words: 5899
17:38:40.919 DEBUG org.contentmine.ami.plugins.word.WordCollectionFactory - WCF>created words: 5173
17:38:41.010 DEBUG org.contentmine.ami.plugins.word.WordCollectionFactory - WCF>created words: 8114
17:38:41.057 DEBUG org.contentmine.ami.plugins.word.WordCollectionFactory - WCF>created words: 3315
17:38:41.118 DEBUG org.contentmine.ami.plugins.word.WordCollectionFactory - WCF>created words: 3827
17:38:41.363 DEBUG org.contentmine.ami.plugins.word.WordCollectionFactory - WCF>created words: 19363
17:38:41.502 DEBUG org.contentmine.ami.plugins.word.WordCollectionFactory - WCF>created words: 7731
17:38:41.737 DEBUG org.contentmine.ami.plugins.word.WordCollectionFactory - WCF>created words: 16716
17:38:41.917 DEBUG org.contentmine.ami.plugins.word.WordCollectionFactory - WCF>created words: 10202
17:38:42.020 DEBUG org.contentmine.ami.plugins.word.WordCollectionFactory - WCF>created words: 9003
17:38:42.182 DEBUG org.contentmine.ami.plugins.word.WordCollectionFactory - WCF>created words: 7857
17:38:42.257 DEBUG org.contentmine.ami.plugins.word.WordCollectionFactory - WCF>created words: 7308
17:38:42.358 DEBUG org.contentmine.ami.plugins.word.WordCollectionFactory - WCF>created words: 8345
17:38:42.426 DEBUG org.contentmine.ami.plugins.word.WordCollectionFactory - WCF>created words: 4710
17:38:42.545 DEBUG org.contentmine.ami.plugins.word.WordCollectionFactory - WCF>created words: 13868
17:38:42.619 DEBUG org.contentmine.ami.plugins.word.WordCollectionFactory - WCF>created words: 5171
17:38:42.685 DEBUG org.contentmine.ami.plugins.word.WordCollectionFactory - WCF>created words: 7030
17:38:42.753 DEBUG org.contentmine.ami.plugins.word.WordCollectionFactory - WCF>created words: 9541
17:38:42.822 DEBUG org.contentmine.ami.plugins.word.WordCollectionFactory - WCF>created words: 5049
17:38:42.878 DEBUG org.contentmine.ami.plugins.word.WordCollectionFactory - WCF>created words: 8907
17:38:43.057 DEBUG org.contentmine.ami.plugins.word.WordCollectionFactory - WCF>created words: 18630
17:38:43.195 DEBUG org.contentmine.ami.plugins.word.WordCollectionFactory - WCF>created words: 5600
17:38:43.248 DEBUG org.contentmine.ami.plugins.word.WordCollectionFactory - WCF>created words: 8094
17:38:43.301 DEBUG org.contentmine.ami.plugins.word.WordCollectionFactory - WCF>created words: 5447
17:38:43.354 DEBUG org.contentmine.ami.plugins.word.WordCollectionFactory - WCF>created words: 8706
17:38:43.461 DEBUG org.contentmine.ami.plugins.word.WordCollectionFactory - WCF>created words: 10427
17:38:43.538 DEBUG org.contentmine.ami.plugins.word.WordCollectionFactory - WCF>created words: 7319
17:38:43.639 DEBUG org.contentmine.ami.plugins.word.WordCollectionFactory - WCF>created words: 7741
17:38:43.692 DEBUG org.contentmine.ami.plugins.word.WordCollectionFactory - WCF>created words: 7725
17:38:43.789 DEBUG org.contentmine.ami.plugins.word.WordCollectionFactory - WCF>created words: 9523
17:38:43.808 DEBUG org.contentmine.ami.plugins.word.WordCollectionFactory - WCF>created words: 2032
17:38:43.848 DEBUG org.contentmine.ami.plugins.word.WordCollectionFactory - WCF>created words: 7579
17:38:43.886 DEBUG org.contentmine.ami.plugins.word.WordCollectionFactory - WCF>created words: 4069
17:38:44.008 DEBUG org.contentmine.ami.plugins.word.WordCollectionFactory - WCF>created words: 16232
17:38:44.165 DEBUG org.contentmine.ami.plugins.word.WordCollectionFactory - WCF>created words: 15677
17:38:44.238 DEBUG org.contentmine.ami.plugins.word.WordCollectionFactory - WCF>created words: 9301
17:38:44.287 DEBUG org.contentmine.ami.plugins.word.WordCollectionFactory - WCF>created words: 7870
17:38:44.362 DEBUG org.contentmine.ami.plugins.word.WordCollectionFactory - WCF>created words: 6557
17:38:44.402 DEBUG org.contentmine.ami.plugins.word.WordCollectionFactory - WCF>created words: 4847
17:38:44.450 DEBUG org.contentmine.ami.plugins.word.WordCollectionFactory - WCF>created words: 6691
17:38:44.579 DEBUG org.contentmine.ami.plugins.word.WordCollectionFactory - WCF>created words: 12654
17:38:44.644 DEBUG org.contentmine.ami.plugins.word.WordCollectionFactory - WCF>created words: 6249
17:38:44.804 DEBUG org.contentmine.ami.plugins.word.WordCollectionFactory - WCF>created words: 17322
17:38:44.915 DEBUG org.contentmine.ami.plugins.word.WordCollectionFactory - WCF>created words: 10389
17:38:45.002 DEBUG org.contentmine.ami.plugins.word.WordCollectionFactory - WCF>created words: 13626
17:38:45.059 DEBUG org.contentmine.ami.plugins.word.WordCollectionFactory - WCF>created words: 6817
17:38:45.157 DEBUG org.contentmine.ami.plugins.word.WordCollectionFactory - WCF>created words: 10164
17:38:45.205 DEBUG org.contentmine.ami.plugins.word.WordCollectionFactory - WCF>created words: 5747
17:38:45.264 DEBUG org.contentmine.ami.plugins.word.WordCollectionFactory - WCF>created words: 5224
17:38:45.336 DEBUG org.contentmine.ami.plugins.word.WordCollectionFactory - WCF>created words: 5590
17:38:45.377 DEBUG org.contentmine.ami.plugins.word.WordCollectionFactory - WCF>created words: 5379
17:38:45.391 DEBUG org.contentmine.ami.plugins.word.WordCollectionFactory - WCF>created words: 3281
17:38:45.420 DEBUG org.contentmine.ami.plugins.word.WordCollectionFactory - WCF>created words: 2818
17:38:45.477 DEBUG org.contentmine.ami.plugins.word.WordCollectionFactory - WCF>created words: 8720
17:38:45.508 DEBUG org.contentmine.ami.plugins.word.WordCollectionFactory - WCF>created words: 4273
17:38:45.545 DEBUG org.contentmine.ami.plugins.word.WordCollectionFactory - WCF>created words: 6769
17:38:45.578 DEBUG org.contentmine.ami.plugins.word.WordCollectionFactory - WCF>created words: 4752
17:38:45.635 DEBUG org.contentmine.ami.plugins.word.WordCollectionFactory - WCF>created words: 9940
17:38:45.687 DEBUG org.contentmine.ami.plugins.word.WordCollectionFactory - WCF>created words: 8158
17:38:47.386 DEBUG org.contentmine.ami.plugins.CommandProcessor - 
+++++++++++++++++++running: search; search([plant.xml])[]
17:38:47.386 DEBUG org.contentmine.ami.plugins.search.SearchPluginOption - SEARCH --project activity -i scholarly.html --sr.search plant.xml
17:38:47.415 DEBUG org.contentmine.cproject.files.ResourceLocation - FILE C:\Users\DELL\CEVOpen\minicorpora\plant.xml
17:39:03.616 DEBUG org.contentmine.cproject.lookup.DefaultStringDictionary - lead by wikidata {Q15355465=[Desmos], Q7361764=[Homalomena], Q3926753=[Hedychium], Q1227336=[Origanum, Dittany], Q17136555=[Thamnosciadium], Q15607440=[Anthocleista], Q6904440=[Montanoa], Q4116547=[Melaleuca], Q15576610=[Eryngium], Q7186137=[Cynara, Cardoon, cardoon], Q18081174=[Zanthoxylum], Q15367212=[Homoranthus], Q181095=[Nicotiana, Tobacco], Q2600407=[Talisia], Q15368304=[Leptospermum], Q955858=[Eucalyptus], Q18036369=[Piper], Q13957703=[Thryptomene], Q15367694=[Homoranthus], Q3004074=[Croton], Q3005165=[Croton], Q3926743=[Hedychium], Q39084662=[Nepeta], Q15361911=[Salvia], Q11153450=[Colquhounia], Q2977225=[Mentha], Q10954705=[Lippia], Q1553939=[Teucrium], Q6811114=[Melaleuca], Q1546389=[Origanum], Q15573332=[Echinophora], Q6811118=[Melaleuca], Q7406741=[Salvia], Q15585589=[Achillea], Q783863=[Artemisia], Q15344320=[Micromeria], Q899812=[Salvia], Q18083339=[Protium], Q15372806=[Thymus], Q21275377=[Hypericum], Q15389478=[Atalantia], Q6811123=[Melaleuca], Q15390463=[Xanthostemon], Q4734111=[Alococarpum], Q10895641=[Kadsura], Q41776531=[Astartea], Q2359202=[Plectranthus], Q1019275=[Meum], Q15345657=[Nepeta], Q15368319=[Stachys], Q5409948=[Eupatorium], Q15358710=[Eugenia], Q1072906=[Lapageria], Q3904984=[Pilocarpus], Q2862331=[Artemisia], Q2347464=[Eugenia], Q15590941=[Baccharis], Q17134392=[Prangos], Q15366140=[Eugenia], Q158289=[Hypericum, St., Common, perforate], Q1953850=[Salvia], Q13114182=[Zanthoxylum], Q15572230=[Echinophora], Q159131=[Salvia], Q15347824=[Origanum], Q15561102=[Mikania], Q15365052=[Scutellaria], Q58326526=[Thymus], Q13714507=[Origanum, Bible, Biblical, Lebanese, Majorana, Origanum, Syrian], Q15489060=[Portlandia], Q15231437=[Sphaeranthus, East], Q17812343=[Hypericum], Q857159=[Xanthium, Chayote, common, large, rough, Xanthium], Q15576828=[Eryngium], Q24852786=[Ocimum], Q10906604=[Artemisia], Q4689432=[Aframomum], Q17137410=[Tordylium], Q2367282=[Bursera], Q15358708=[Salvia], Q50984221=[Becium], Q12248164=[Satureja], Q15367240=[Sideritis], Q12248166=[Satureja], Q3595850=[Parthenium, mugwort, wild], Q18080089=[Pitaviaster], Q160186=[Satureja, winter], Q15345874=[Nepeta], Q925164=[Anthemis, Anthemis], Q13929238=[Lomatium], Q13929239=[Lomatium], Q159121=[Salvia], Q3004060=[Croton], Q164306=[Pelargonium], Q311446=[Copaifera], Q149327=[Abies, Abies], Q311448=[Annona, Mountain, Wild], Q17594566=[Eugenia], Q1076038=[Perilla, perilla, deulkkae, Korean], Q2464662=[Guavaberry, Myrciaria], Q13897352=[Callistemon], Q15461559=[Mitranthes], Q15275420=[Polylepis], Q4839673=[Backhousia], Q3649373=[Cachrys], Q161681=[Myrica], Q413254=[Trachyspermum, carum, ajowan], Q15590712=[Ichthyothere], Q2235405=[Lallemantia], Q15367418=[Homoranthus], Q4519773=[Salvia], Q15523284=[Nigritella], Q30046=[Vitis, Grape-vine, Common], Q34887=[Carica, Papaya], Q2559087=[Eucalyptus], Q15366325=[Eugenia], Q15367899=[Homoranthus], Q15589731=[Baccharis], Q160114=[Mentha, spearmint], Q15359612=[Salvia], Q15570029=[Chaerophyllum], Q15359859=[Eugenia], Q6574439=[Origanum], Q46871=[Juglans, Walnut, Juglans, common, Old, Persian], Q15348727=[Origanum], Q139112=[Sundacarpus], Q1285422=[Achillea], Q893238=[Theobroma], Q15563733=[Centaurea], Q245878=[Athrotaxis], Q1353278=[Genipa], Q15601712=[Senecio], Q17243958=[Cinnamosma], Q15548355=[Geigeria], Q30056=[Daucus, Wild, Bird's, bishop's, Queen], Q162544=[Glechoma, alehoof, catsfoot, creeping, field, gill-over-the-ground, ground, run-away-robin, tunhoof], Q15588895=[Phania], Q3474028=[Satureja], Q15358514=[Eugenia], Q15231629=[Bupleurum], Q155814=[tarragon, Artemisia], Q15573521=[Echinophora], Q5434906=[Myrceugenia], Q15231627=[Bupleurum], Q472653=[Annona, Custard, Bull's, Bullock's, Common, Jamaica, Netted, Sweetsop], Q5434902=[Myrceugenia], Q1022250=[Centaurea], Q5059017=[Centaurea], Q1510186=[Juniperus, Spanish], Q15561302=[Mikania], Q1111359=[Salvia], Q925373=[Bunium], Q15343265=[Micromeria], Q183497=[Juniperus], Q15561305=[Ammoides], Q207745=[Angelica, Holy, garden, Norwegian, Wild], Q15588662=[Pimpinella], Q15575938=[Eryngium], Q161468=[Eucalyptus], Q15347622=[Origanum], Q15231634=[Bupleurum], Q15472433=[Artemisia], Q691698=[Cymbopogon], Q38774116=[Baccharis], Q18075538=[Neolitsea], Q42692801=[Manilkara], Q15357894=[Saccocalyx], Q15377003=[Morella, Myrica], Q15239101=[Bupleurum], Q15313874=[Cunila], Q37937=[sweet, Ipomoea], Q15378339=[Psidium], Q15378338=[Psidium], Q15358508=[Salvia], Q1345632=[Allamanda, Golden], Q9600748=[Lippia], Q10349172=[Philodendron], Q10752270=[Minthostachys], Q161232=[Water, Mentha], Q22694=[marjoram, Knotted, Majorana, Origanum, Origanum, Origanum, Sweet, Sweet, Sweet], Q4116560=[Salvia], Q26811=[Carum, caraway, Caraway], Q3517919=[Curcuma], Q15364172=[Satureja], Q15558127=[Tessaria], Q15367683=[Kunzea], Q15545060=[Protium], Q4519763=[Salvia], Q13111964=[Alpinia], Q15231626=[Bupleurum], Q1209922=[Osmanthus], Q161235=[Mentha, Pennyroyal], Q4519767=[Salvia], Q129775=[Salvia], Q5708539=[Cirsium], Q15563380=[Crassocephalum], Q17133685=[Laserpitium], Q4753499=[Andaliman, Zanthoxylum], Q15612638=[Licaria], Q15562292=[Varthemia], Q2054752=[Xeranthemum], Q2415298=[Teucrium], Q5000601=[Bursera], Q5000600=[Bursera], Q17135865=[Pycnocycla], Q2494675=[Artedia], Q158468=[Pimenta, Allspice], Q21874253=[Ferula], Q25062=[Ruta, common, Herb-of-grace, herbygrass, meadow], Q17133683=[Seseli], Q195416=[Berula], Q43292503=[Crassocephalum], Q9063301=[Protium], Q15568837=[Centaurea], Q33913=[Cymbopogon, lemongrass], Q15431028=[Lantana], Q15317580=[Dracocephalum], Q15365437=[Kaempferia], Q15601502=[Psiadia], Q1031775=[Myrciaria], Q148668=[Thymus, Thyme], Q960124=[Ocimum, Ocimum], Q17136707=[Thapsia], Q15345822=[Nepeta], Q1209998=[Cosmos], Q15367857=[Homoranthus], Q370239=[Cinnamon, Ceylon, Sri, true], Q3953968=[Eugenia], Q2217592=[Phlomis], Q15374151=[Teucrium], Q1113398=[Kaempferia, resurrection, aromatic, kencur, sand], Q15329582=[Hyptis], Q156037=[Mentha, Mentha, peppermint], Q1473991=[Pimpinella], Q15545968=[Protium], Q1322796=[Phlomis], Q847304=[Fitzroya, Alerce, alerce], Q18081794=[Cinnamomum], Q158695=[Arabidopsis, mouse-ear, Mouse-ear, thale], Q4262209=[Hydrocotyle], Q50837010=[Chamomilla], Q15601512=[Piper], Q18079007=[Santalum], Q15367624=[Homoranthus], Q39276663=[Eucalyptus], Q15573169=[Centaurea], Q15227568=[Illicium], Q15591194=[Semenovia], Q1308044=[Artemisia], Q17135885=[Pycnocycla], Q209326=[Pinus, Merkus], Q3299543=[Acacia], Q159776=[Monarda], Q15469652=[Artemisia], Q15544848=[Protium], Q15365450=[Scutellaria], Q15366785=[Sideritis], Q15540008=[Daphnandra], Q15367875=[Leptospermum], Q18081101=[Licaria], Q184300=[Juniperus], Q15602817=[Pulicaria], Q948018=[Baccharis], Q312147=[Thevetia], Q15562033=[Scleria], Q160575=[Nigella], Q15368724=[Stachys], Q15584660=[Ambrosia], Q15328467=[Hymenocrater], Q2137116=[Eucalyptus], Q10926678=[Polygala], Q15381940=[Sphaerantia], Q15555509=[Tanacetum], Q1684204=[Pogostemon], Q15553326=[Pourouma], Q17812747=[Hypericum, Shrubby], Q6993212=[Neolitsea], Q159528=[Eucalyptus, Blue], Q11110344=[Hyptis], Q15330313=[Hyptis], Q3013841=[Senecio], Q378568=[Chrysopogon, Khuskhus, Sandalwood, Sevendra], Q15364374=[Eugenia], Q15367645=[Homoranthus], Q146212=[Brassica, Collard, Brassica], Q160585=[Corn, field, Mentha, wild], Q15396182=[Campomanesia], Q28934733=[Artemisia], Q160346=[Marrubium], Q18112874=[Myrothamnus], Q5182504=[Crassocephalum], Q5405566=[Eucalyptus], Q15376762=[Ziziphora], Q5182508=[Crassocephalum], Q5182506=[Crassocephalum], 15588334=[Erechtites], Q15607084=[Piper], Q38778328=[Artemisia], Q15357846=[Eugenia], Q1302761=[Thymbra], Q15572055=[Ducrosia], Q21300629=[Xanthogalum], Q13399102=[Thymus], Q459253=[Peucedanum], Q15588807=[Prangos], Q5224068=[Xanthostemon], Q5789976=[Hydrocotyle], Q17565819=[Hypericum], Q311475=[Rollinia, Rollinia], Q15599929=[Podachaenium], Q15364786=[Eugenia], Q15542892=[Tephrosia], Q15559071=[Sclerorhachis], Q43511=[Foeniculum, fennel], Q15607097=[Cinnamomum], Q5625456=[Gyrocarpus, Stinkwood, Helicopter, Shitwood, Whirly], Q5456067=[Hernandia, lantern], Q6122027=[Myrtus, Myrtus, Cilmun, common], Q15373029=[Thymus], Q3018287=[Santalum], Q17138084=[Hippomarathrum], Q159340=[Teucrium, mountain], Q3206576=[Tephrosia], Q3493480=[Spilanthes], Q4744506=[Zanthoxylum], Q1618981=[Nepeta], Q2707027=[Sphagneticola, Indian], Q1520125=[Abies], Q15367826=[Homoranthus], Q15583362=[Ambrosia], Q311226=[Plectranthus], Q11564204=[Pandanus], Q12832366=[Artemisia], Q15470405=[Artemisia], Q743794=[Pulicaria, common, fleabane], Q55812799=[Alpinia], Q39071915=[Calamintha], Q15379814=[Ristantia], Q6811103=[Melaleuca], Q15373037=[Thymus], Q15357825=[Eugenia], Q158008=[Acorus, Calamus, Acorus, Flag, Myrtle, Myrtle, Sweet, Sweet-flag, Sweetroot], Q15542628=[Tephrosia], Q10928400=[Hypericum], Q2512644=[Eucalyptus], Q383705=[Achillea], Q15339157=[Aeollanthus], Q15318252=[Aframomum], Q244731=[Murraya], Q15257146=[Achillea], Q38224814=[Pinus], Q15363473=[Satureja], Q15477043=[Psorothamnus], Q15470655=[Artemisia], Q15561387=[Ammoides], Q15344754=[Nepeta], Q15312704=[Philodendron], Q50860665=[Ocimum], Q15376795=[Myrciaria], Q5648537=[Blepharocalyx], Q17133899=[Prangos], Q27079=[Tanacetum, bitter, tansy], Q111185=[Ferula], Q134283=[oregano, Origanum, wild], Q5460342=[Neolitsea], Q15368931=[Stachys], Q159322=[Mahonia], Q1855185=[Anacyclus], Q50844194=[Leptospermum], Q150749=[Kunzea], Q6811101=[Melaleuca], Q15363489=[Eugenia], Q814421=[Bidens, broomstick, Devil's, blackjack, beggar's, cobbler's, devil's, farmer's, hairy, hairy, Spanish], Q15561134=[Ammodaucus], Q15340388=[Lycopus], Q2900918=[Pinus, Caribbean], Q15586894=[Achillea], Q218462=[Anthriscus, chervil, French, garden], Q15596900=[Flaveria], Q579476=[Perovskia, Russian], Q4520036=[Marrubium], Q15582736=[Froriepia], Q15353965=[Clusia], Q15590366=[Prangos], Q15579564=[Helichrysum], Q15489888=[Caesalpinia], Q15531151=[Eupatorium], Q3011274=[Eucalyptus], Q15533332=[Cyperus], Q15475244=[Astrodaucus], Q15559963=[Cassinia], Q12849139=[Eremostachys], Q12839331=[Eucalyptus], Q6669223=[Lomatium], Q122679=[Rosmarinus, Rosemary, rosemary], Q21269377=[Ferula], Q15567109=[Solidago], Q15566259=[Bunium], Q15366802=[Sideritis], Q15359263=[Salvia], Q2068758=[Eucalyptus], Q15475249=[Astrodaucus], Q272661=[Echinacea, Brauneria, Echinacea, Helichroa, Rudbeckia], Q11179174=[Bupleurum], Q13560518=[Artemisia], Q18076143=[Coatesia], Q10374652=[Bowdichia], Q10923785=[Eugenia], Q2549523=[Corymbia], Q15565151=[Smallanthus, Smallanthus], Q2006163=[Astydamia], Q15372492=[Thymus], Q21303369=[Ocimum], Q15579315=[Ferula], Q15428022=[Tordylium], Q15590374=[Pittosporum], Q15373106=[Thymus], Q15428024=[Tordylium], Q26686=[Anethum], Q137931=[Hyssopus, hyssop], Q15428023=[Tordylium], Q15373108=[Thymus], Q15399959=[Eucalyptus], Q4387987=[Angelica], Q38710079=[Eupatorium], Q15598092=[Siparuna], Q15351769=[Origanum], Q9070818=[Rosmarinus], Q1467806=[Sideritis], Q946581=[Bupleurum], Q50828147=[Blepharocalyx], Q17165436=[Cupressus], Q15362211=[Eugenia], Q15432521=[Lippia], Q15546890=[Hesperis], Q15359492=[plant, Salvia], Q15250704=[Rhododendron], Q15475258=[Artemisia], Q17133828=[Portenschlagiella], Q15247575=[Pluchea], Q15545532=[Baccharis], Q15358159=[Eugenia], Q6669236=[Lomatium], Q50851188=[Piper], Q3280527=[Eucalyptus], Q157755=[Dictamnus, Fraxinella, burning, false, gas, white], Q15488778=[Portlandia], Q15317883=[Aframomum], Q3389025=[Piper], Q5226189=[Eugenia], Q15353936=[Pogostemon], Q161823=[Couroupita], Q39284412=[Lavandula], Q15362466=[Salvia], Q15359483=[Salvia], Q6133605=[Stachys], Q15348119=[Origanum], Q2353550=[Annona, Corkwood, Alligator-apple, Bobwood, Monkey-apple, Pond], Q50827286=[Aquilaria], Q15382075=[Sphaerantia], Q6669248=[Lomatium], Q15372279=[Teucrium], Q362318=[Achillea], Q9081727=[Tanacetum], Q15318723=[Aframomum], Q15578683=[Ferula], Q158832=[Teucrium, Water], Q15585800=[Achillea], Q15365741=[Eugenia], Q15514822=[Cymbopogon], Q15584952=[Fimbristylis], Q1264088=[Agastache, anise], Q4520032=[Marrubium], Q3013446=[Crinum], Q11034557=[Schizonepeta], Q15326336=[Curcuma], Q147701=[Bixa, Achiote, Lipstick], Q15396461=[Campomanesia], Q17132757=[Semenovia], Q145525=[Melaleuca], Q15328997=[Hyptidendron], Q15363728=[Eugenia], Q5022796=[Callistemon], Q1552597=[Cupressus, Cypress], Q15543574=[Tephrosia], Q10885014=[Artemisia], Q15339458=[Ajuga], Q5022790=[Callistemon], Q164271=[Calamintha], Q15350498=[Phlomis], Q133128=[Pinus, Scots], Q15368185=[Stachys], Q1137175=[Myrrhis], Q303325=[Austrian], Q5022792=[Callistemon], Q5022793=[Callistemon], Q15367093=[Homoranthus], Q15371117=[Melaleuca], Q15347080=[Nepeta], Q9097481=[Zanthoxylum], Q6669264=[Lomatium], Q15581699=[Heteromorpha], Q57095692=[Kelussia], Q6669266=[Lomatium], Q1763537=[Centaurea, Purple, Red], Q15361796=[Eugenia], Q15580369=[Helichrysum], Q2430364=[Thymus], Q52626960=[Aloysia], Q2430366=[Thymus], Q146684=[Fragaria, woodland, wild], Q15327478=[Elettariopsis], Q5022787=[Callistemon], Q5022788=[Callistemon], Q1137183=[Cupressus, Monterey], Q5022785=[Callistemon], Q5022786=[Callistemon], Q41611=[Coriandrum, cilantro, coriander], Q19849795=[Bryophyllum], Q5022789=[Callistemon], Q15245321=[Zinnia, elegant, common, youth-and-age], Q15575397=[Ophryosporus], Q5022780=[Callistemon], Q17137156=[Heracleum], Q5022783=[Callistemon], Q2716370=[Artemisia], Q50832830=[Cymbopogon], Q15371125=[Teucrium], Q5022784=[Callistemon], Q15445870=[Pluchea], Q5022781=[Callistemon], Q6810988=[Melaleuca], Q15595862=[Polymnia], Q15340680=[Marsypianthes], Q15553140=[Lychnophora], Q789800=[Cistus], Q6669276=[Lomatium], Q149709=[Cupressus], Q15232254=[Valeriana], Q15584736=[Achillea], Q15394465=[Pilocarpus], Q682164=[Ambrosia], Q17812088=[Hypericum], Q21075108=[Artemisia], Q15593691=[Bupleurum], Q4080645=[Pimpinella], Q15545976=[Protium], Q17133820=[Carum], Q15330626=[Hyptis], Q133103=[Pilgerodendron, Cipres], Q4193921=[Phlomis], Q15372466=[Thymus], Q15553592=[Gutierrezia], Q26006=[Laurus, Bay], Q10260538=[Otanthus], Q1369048=[black, Amomum], Q15396674=[Campomanesia], Q5892134=[Haplophyllum], Q17812091=[Hypericum], Q147513=[Cupressus, Mediterranean], Q15564497=[Crassocephalum], Q37153=[avocado], Q1788810=[Pistacia], Q17132966=[Cachrys], Q15583890=[Achillea], Q15360246=[Salvia], Q17132729=[Semenovia], Q15363997=[Eugenia], Q15591283=[Bidens], Q15359038=[Salvia], Q648505=[Thymus], Q39292083=[Waterhousea], Q2717688=[Mikania], Q15260715=[Achillea], Q5457698=[Lepechinia], Q15594316=[Gymnopodium], Q3104241=[Teucrium], Q15579973=[Ferulago], Q15373319=[Thymus], Q15573192=[Echinophora], Q15396422=[Barongia], Q3355098=[Citrus, Citrus, orange, sweet], Q15328559=[Hymenocrater], Q15370292=[Teucrium], Q15361349=[Eugenia], Q6126256=[Seseli], Q15380020=[Ristantia], Q10933978=[Cinnamomum], Q15346593=[Nepeta], Q17139303=[Falcaria], Q17138697=[Malabaila], Q15367290=[Homoranthus], Q15368380=[Stachys], Q60980=[Zingiber], Q15350848=[Nepeta], Q121749=[Pterocarya, Caucasian], Q15430977=[Lantana], Q3017657=[Eucalyptus], Q15367055=[Sideritis], Q1761719=[Lippia], Q42081=[Lavandula, English, garden, lavender, Mariflor, narrow-leaved, true], Q15368387=[Leptospermum], Q11174323=[Elsholtzia], Q207848=[Arnica, leopard's, mountain, mountain, wolf's], Q622341=[Tordylium], Q15548660=[Coespeletia], Q15347447=[Origanum, Origanum], Q15338739=[Aeollanthus], Q10327268=[Eschweilera], Q5433206=[Geijera], Q15380270=[Ochrosperma], Q3395567=[Polygala], Q12242097=[Origanum], Q5435863=[Portlandia], Q3828025=[Lavandula, Lavandula], Q15351927=[Origanum], Q12242096=[Origanum], Q15395755=[Callistemon], Q15368154=[Kunzea], Q2704355=[Eucalyptus], Q7116665=[Ozothamnus], Q1313052=[Salvia, wild], Q15548673=[Coespeletia], Q11137383=[Bupleurum], Q50844455=[Lavandula], Q9298209=[Heteranthemis], Q3004324=[Croton], Q5459849=[Myrcia], Q15461493=[Satureja], Q17131840=[Ferulago], Q2713279=[Eucalyptus], Q7130504=[Pandanus], Q3005418=[Croton], Q3856981=[Micromeria], Q15359409=[Eugenia], Q12242088=[Origanum], Q12242089=[Origanum], Q2069230=[Eucalyptus], Q12198769=[Artemisia], Q15533393=[Physocaulis], Q15562713=[Centaurea], Q12242085=[Origanum], Q17136050=[Rhabdosciadium], Q50985967=[Thymus], Q6331754=[Cymbopogon], Q1027615=[Crassocephalum, Gynura], Q15345000=[Nepeta], Q164010=[Monarda, Oswego], Q15324542=[Glechoma], Q15359881=[Salvia], Q2034131=[Stachys], Q27938=[Welsh, Allium, bunching, green], Q460517=[Citrinos, Citrus, Citrus, clementine, Moroccan], Q15355282=[Prostanthera], Q15363714=[Satureja], Q15348512=[Nepeta], Q145930=[Calendula, Marygold, pot, pot], Q15471025=[Artemisia], Q901484=[Dipteryx, Tonka], Q21877292=[Satureja], Q15331088=[Hyptis], Q15381387=[Myrcianthes], Q134801=[Rosa], Q3142116=[Hedychium], Q17138224=[Hippomarathrum], Q15226807=[Artemisia], Q5028502=[Campomanesia], Q6901558=[Monodora, Calabash], Q15590794=[Baccharis], Q4813192=[Athamanta], Q15371347=[Teucrium], Q15373525=[Myrceugenia], Q5221583=[Daphnandra], Q5221582=[Daphnandra], Q5221587=[Daphnandra, red-flowered, socket], Q5221586=[Daphnandra], Q482510=[Eucalyptus, flooded, grand], Q5221584=[Daphnandra, Illawara], Q15570317=[Cymbocarpum], Q311840=[Dittrichia], Q165354=[Citrus, Citrus, Citrus], Q15348985=[Nepeta], Q15361786=[Salvia], Q5403824=[Baccharis], Q38859=[basil, Ocimum], Q1532907=[Artemisia], Q157976=[Artemisia, southernwood, old], Q15371752=[Teucrium], Q1587861=[Helichrysum], Q5609419=[Grindelia], Q7515561=[Silphium], Q15396813=[Eucalyptus], Q15562933=[Mikania], Q15371504=[Platonia], Q6817552=[Mentha], Q15449385=[Tordylium], Q6433682=[Eugenia], Q2071326=[Margyricarpus], Q8777465=[Eryngium], Q146604=[Ribes, black, blackcurrant], Q2421262=[Aloysia], Q2934256=[Callistemon], Q5723686=[Bauhinia], Q15572960=[Echinophora], Q954151=[Callistemon], Q17138648=[Pimpinella], Q28936012=[Myrrhoides], Q2024176=[Pourouma], Q17137553=[Heracleum], Q15350400=[Phlomis], Q12233107=[Salvia], Q156870=[Centaurium], Q15345051=[Nepeta], Q15395945=[Callistemon], Q15365082=[Eugenia], Q15350644=[Phlomis], Q3337266=[Rhynchosia], Q2912230=[Aster], Q15369206=[Stachys], Q2703227=[Alpinia], Q15591417=[Seseli], Q15391593=[Xanthostemon], Q15391111=[Xanthostemon], Q2376648=[Sideritis, ironwort], Q15586077=[Achillea], Q2933398=[Melaleuca], Q1520920=[Persian, Bearss, Citrus, Citrus, Tahiti], Q50846833=[Ocimum], Q854892=[Abies, Greek], Q15571860=[Diplotaenia], Q15571864=[Dicyclophora], Q15358113=[Salvia], Q15245750=[Cymbopogon], Q5459808=[Myrceugenia], Q864698=[Salvia], Q39095689=[Thymus], Q3200495=[Kunzea], Q27984=[Helichrysum], Q1543811=[Santolina], Q2234016=[Hymenaea], Q15367039=[Homoranthus], Q27978=[Artemisia, sea], Q1949712=[Ageratum], Q6433663=[Eugenia], Q1619002=[Cupressus, Himalayan], Q15345285=[Micromeria], Q15391144=[Geijera], Q28834571=[Fritillaria], Q10292517=[Guarea], Q794305=[Conyza], Q15580544=[Fuernrohria], Q1636806=[Helichrysum], Q5760617=[Centaurea], Q10546004=[Klainedoxa], Q15235956=[Oxytropis], Q18076363=[Pilocarpus], Q3004531=[Croton], Q18674606=[Malus, apple], Q5478532=[Santalum], Q26663=[Artemisia, common, mugwort], Q3337038=[Peperomia], Q805037=[Geranium], Q2235341=[Hyptis], Q4118459=[Phlomis], Q163136=[Mentha, Mentha], Q27501=[Bidens], Q15581886=[Helichrysum], Q15580315=[Helichrysum], Q4689983=[African, Ocimum], Q15359672=[Salvia], Q572693=[Tagetes], Q917216=[Cupressus, Cupressus, Kashmir], Q21302968=[Satureja], Q149474=[Thymus], Q2712369=[Eucalyptus], Q39276129=[Eucalyptus], Q12216412=[Scorzonera], Q1813408=[Melaleuca, broad-leaved, niaouli, paper, punk], Q28298=[celery, Apium, celery], Q6811004=[Melaleuca], Q7406875=[Salvia], Q15572132=[Echinophora], Q210858=[Santalum, Sandalwood], Q3915744=[Artemisia], Q5248751=[Decaspermum], Q161360=[Chamaecyparis, Lawson's, Port, Lawson], Q838540=[Lallemantia], Q8045503=[Xylopia], Q759876=[Tagetes, African, Aztec, Tagetes], Q8045504=[Xylopia], Q9575325=[Acalypha], Q15471687=[Artemisia], Q310463=[Ridolfia], Q15343128=[Micromeria], Q163788=[Eucalyptus], Q7439559=[Scutellaria], Q15342038=[Marrubium], Q17132069=[Ferulago], Q150452=[Nasturtium, Watercress], Q17812202=[Hypericum], Q17043137=[Anemia], Q17135331=[Pteryxia], Q15367580=[Homoranthus], Q17140701=[Xylopia], Q9047577=[Myrcianthes], Q4838650=[Baccharis], Q15370745=[Teucrium], Q14946568=[Achillea], Q5462023=[Flourensia], Q161375=[Pittosporum], Q4256977=[Clinopodium], Q15347714=[Origanum, Origanum], Q161139=[Nepeta, cat-mint, catmint, catnip, catswort], Q3338272=[Nepeta], Q426647=[Artemisia], Q8469603=[Dennettia], Q15597459=[Piper], Q15604279=[Piper], Q15331110=[Hyptis], Q15572119=[Centaurea], Q15329030=[Hymenocrater], Q4838645=[Baccharis], Q6559588=[Lavandula], Q10355301=[Psidium], Q2607185=[Mentha], Q17137783=[Heracleum], Q15367590=[Sideritis], Q2906154=[Psidium, Psidium], Q1066106=[Maclura, Yellowwood, Osage-orange, Bodark, Bow-wood], Q14947448=[Artemisia], Q15394976=[Callistemon], Q14554270=[Philodendron], Q15371847=[Teucrium], Q7212840=[Eucalyptus], Q27660324=[Lindera], Q849411=[Erigeron], Q10925060=[Elsholtzia], Q20731329=[Cupressus], Q944853=[Athrotaxis, King], Q15368207=[Stachys], Q162477=[Alchemilla], Q6090472=[Psidium], Q3005022=[Tristaniopsis], Q17812222=[Hypericum], Q1723636=[Juniperus, Canary], Q15573675=[Ophryosporus], Q10863972=[Solidago], Q5199493=[Cymbopogon], Q4838634=[Baccharis], Q15351194=[Phlomis], Q15573438=[Echinophora], Q1344865=[Scutellaria], Q1136311=[Crithmum, rock], Q15427994=[Centaurea], Q39069373=[Micromeria], Q4771600=[Anthemis], Q15320237=[Eremostachys], Q6811020=[Melaleuca], Q163330=[Herniaria], Q599435=[Solidago, goldenrod, golden], Q279728=[Melicoccus, Meliococcus, Quenepa], Q486951=[Citrus, Fortunella, Nagami, Oval], Q15231544=[Laggera], Q10323720=[Ocimum], Q15377161=[Pimenta], Q10955930=[Salvia], Q166843=[Psidium, Guava, yellow], Q15355389=[Desmos], Q17135785=[Stenotaenia], Q24852896=[Yulania], Q147096=[Citrus, Citrus, bitter, Seville, bigarade, Citrus, marmalade, sour], Q6966840=[Nashia], Q35625=[Zingiber, the], Q15399126=[Sterculia], Q1037607=[Neofinetia], Q15599410=[Pseudobrickellia], Q2140433=[Erigeron, Blue], Q15364263=[Satureja], Q8043122=[Xanthostemon], Q8043121=[Xanthostemon], Q12848887=[Bupleurum], Q516494=[tangerine, Citrus, dancytangerine], Q6811053=[Melaleuca], Q311518=[Petiveria], Q15345586=[Nepeta], Q4531529=[Elsholtzia], Q15357798=[Eugenia], Q12366970=[Thymus], Q2708073=[Backhousia], Q15378671=[Psidium], Q15358644=[Salvia], Q1607301=[Morina], Q65951559=[Zanthoxylum], Q1450735=[Lavandula], Q15573657=[Eryngium], Q17812404=[Hypericum], Q1144379=[Cupressus], Q17132260=[Oliveria], Q15516860=[Cleome], Q15229414=[Craniotome], Q3144432=[Hyptis], Q2667019=[Eucalyptus], Q2901708=[Bidens], Q332469=[Lantana, ?????????????????????], Q23400=[Allium, garlic, the], Q11065930=[Zanthoxylum, Little, Oval-leaf, Thorny, Zanthoxylum], Q1994229=[Hedychium], Q6811045=[Melaleuca], Q12843181=[Echinophora], Q15389557=[Xanthostemon], Q744339=[Eupatorium, Hemp-agrimony], Q15471012=[Artemisia, A.], Q15368877=[Marlierea], Q159060=[Teucrium, Cut-leaved], Q6631840=[Anvillea, Arabian], Q15345337=[Nepeta], Q1550711=[Thymus], Q164609=[Commiphora], Q15547117=[Hesperis], Q15378202=[Plinia], Q15399148=[Bocageopsis], Q147075=[borage, Borago], Q3006305=[Eucalyptus], Q958823=[Angelica, Wild], Q2477640=[Syzygium], Q541476=[Litsea], Q15590859=[Achillea], Q2920458=[Ziziphus, Christ's], Q1023699=[Paeonia], Q15343143=[Micromeria], Q851544=[Thymus], Q163769=[Stachys, perennial, Stiff], Q15586362=[Lomatium], Q65951562=[Zanthoxylum], Q59843=[Rubus, elmleaf, thornless], Q15587699=[Achillea], Q3300057=[Luma], Q15382932=[Syzygium], Q15586366=[Achillea], Q163522=[Actinidia], Q15330079=[Hyptis], Q15606269=[Piper], Q148396=[lemon, balm, common, Melissa, Toronjil, bee], Q15567195=[Centaurea], Q15375183=[Mosiera], Q15376030=[Mitrantia], Q21303825=[Salvia], Q1093517=[Brachystegia], Q24850685=[Galatella], Q4516386=[Stachys], Q275160=[Ficus, Weeping], Q1451844=[Tanacetum, alecost, balsam, Balsamita, bible, costmary, mint], Q4516382=[Stachys], Q4506586=[Satureja], Q599870=[Tagetes, black, black, southern, stinking], Q15358869=[Eugenia], Q15559333=[Helenium], Q6811063=[Callistemon], Q1411504=[Perovskia], Q4529684=[Eucalyptus], Q15390320=[Xanthostemon], Q257757=[Pogostemon], Q1146782=[Eryngium], Q309692=[Artemisia, tree], Q164625=[Nepeta], Q15367569=[Homoranthus], Q10952467=[Hyptis], Q12234011=[Achillea], Q15231502=[Heteropappus], Q6811060=[Melaleuca, Melaleuca], Q15589401=[Prangos], Q15596744=[Piper], Q644934=[Tagetes, French], Q15345939=[Nepeta], Q12701073=[Chukrasia], Q15553213=[Pourouma], Q15318559=[Aframomum], Q15553211=[Gutierrezia], Q6146304=[Thymus], Q28692=[Pimpinella, the], Q15352477=[Phlomis], Q4539292=[Cerastium], Q1418112=[Heracleum], Q5972432=[Lecythis], Q891381=[Porophyllum, Bolivian], Q15362282=[Salvia], Q5891581=[Homoranthus], Q10933052=[Artemisia], Q4483170=[Ferula], Q379746=[Argania, Argan, Argania], Q15477386=[Artemisia], Q5891585=[Homoranthus], Q15431144=[Lantana], Q44917693=[Baccharis], Q15369918=[Melaleuca], Q15352220=[Phlomis], Q15327287=[Hedeoma], Q3409951=[Psiadia], Q243946=[Fritillaria], Q2724976=[Myristica, Nutmeg], Q15339026=[Aeollanthus], Q819184=[Sideritis], Q18080592=[Pentaceras], Q15357913=[Eugenia], Q17132461=[Kadenia], Q15319876=[Alpinia], Q39091459=[Otostegia], Q158338=[Nigella, love-in-a-mist, Devil-in-a-bush, Bishop, Bishop's], Q161772=[meadow, introduced, meadow, Salvia], Q3144082=[Hyparrhenia], Q15397379=[Eucalyptus], Q928175=[Eucalyptus], Q14404571=[Inula], Q15362057=[Eugenia], Q15367509=[Homoranthus], Q15586950=[Achillea], Q15367744=[Homoranthus], Q2714702=[Tagetes, pericón], Q8253657=[Bupleurum], Q163952=[wild, Clinopodium], Q10933067=[Erigeron], Q15565672=[Athamanta, Athamantha], Q5022776=[Callistemon], Q17132013=[Ferulago], Q311172=[Alpinia], Q15327013=[Curcuma], Q1028271=[Callistemon], Q5022778=[Callistemon], Q1549723=[Ligusticum], Q5022779=[Callistemon], Q15363390=[Satureja], Q15611404=[Licaria], Q285796=[Achillea], Q15400063=[Eucalyptus, Eucalyptus], Q109196=[Citrus, Citrus, Cláudio, Laranjeira, bergamot], Q12233808=[Echinops], Q15362063=[Salvia], Q15338381=[Lepechinia], Q15367996=[Stachys], Q17248455=[Hesperis], Q8253642=[Bupleurum], Q2710313=[Eucalyptus], Q15364005=[Satureja], Q15367513=[Homoranthus], Q46864932=[Psidium], Q15553446=[Siparuna], Q3519581=[Thapsia], Q15469526=[Artemisia], Q135698=[Artemisia], Q158310=[Ajuga, Ground], Q12205358=[Daucus], Q13861083=[Neolitsea], Q3460171=[Callistemon], Q15567835=[Solidago], Q5896806=[Heterothalamus], Q15367766=[Homoranthus], Q11085386=[Anaphalis], Q2430314=[Thymus], Q11179121=[Prunus], Q15371190=[Teucrium], Q17135946=[Pycnocycla], Q15471878=[Artemisia], Q15313900=[Cunila], Q7205210=[Pluchea], Q7406839=[Salvia], Q15529789=[Copaifera], Q147251=[breckland, wild, creeping, Thymus], Q673731=[Trachyspermum], Q15469794=[Artemisia], Q15515143=[Cymbopogon], Q15575687=[Eryngium], Q15375318=[Zhumeria], Q5731874=[Bombycilaena], Q18083670=[Hernandia], Q141953=[Citrus, finger, Microcitrus], Q18201477=[Tristania], Q2700500=[Carduus, Italian], Q15401138=[Eucalyptus], Q15363332=[Satureja], Q157297=[Stachys, betony, wood], Q15341383=[Mentha], Q15567823=[Vernonia], Q2512308=[Callistemon, Tall], Q3005085=[Croton], Q1391422=[Cyperus, Cyperus, Nut-grass, nutgrass, coco, Common, purple], Q2355390=[Ocimum, wild], Q15246141=[Caryopteris], Q15362008=[Eugenia], Q3731564=[Erica], Q5405694=[Eucalyptus], Q1053486=[Centaurea], Q15330013=[Hyptis], Q15329023=[Hedychium], Q4692124=[Ageratina], Q15372298=[Thymus], Q138307=[Juniperus], Q2941329=[Cassytha, Air, Love], Q7406821=[Salvia], Q150411=[Ferula, giant], Q15561038=[Cassinia], Q157283=[Satureja, Summer], Q8261233=[Campomanesia], Q1023841=[Cayratia], Q158374=[Salvia, glutinous, hardy, sticky], Q5405682=[Eucalyptus], Q162822=[Eucalyptus, River], Q21256159=[Dracocephalum], Q311345=[Gmelina], Q49605721=[Rosa], Q15365765=[Eugenia], Q15366854=[Homoranthus], Q15604943=[Cinnamomum], Q15352252=[Phlomis], Q17135965=[Pycnocycla], Q15372062=[Teucrium], Q15374242=[Myrceugenia], Q15390728=[Thryptomene], Q17134874=[Smyrnium], Q10985516=[Heteropyxis], Q50985244=[Meriandra], Q15377755=[Neomitranthes], Q3460133=[Melaleuca], Q15345963=[Nepeta], Q15340034=[Marrubium], Q2671107=[Cymbopogon, Cymbopogon, geranium, ginger, palmarosa, rusha], Q17140046=[Ferula], Q3854088=[Melaleuca], Q5716024=[Baccharis], Q15342450=[Micromeria], Q17283889=[Marchesinia], Q15389985=[Xanthostemon], Q15395189=[Backhousia], Q15366628=[Scutellaria], Q14315098=[Mikania, Guaco], Q15389745=[Xanthostemon], Q882880=[Trinia], Q312228=[Grindelia], Q6445183=[Kunzea, violet], Q19715547=[Salvia], Q18074967=[Cinnamomum], Q15351154=[Phlomis], Q17435436=[Valeriana], Q148310=[Zataria], Q5405659=[Eucalyptus], Q15344619=[Nepeta], Q7798626=[Thryptomene], Q15595009=[Chrysothamnus], Q15379702=[Ristantia], Q42562=[Curcuma, Indian, Turmeric], Q6869640=[Minthostachys], Q15612304=[Aniba], Q918555=[Tetraclinis, Sandarac], Q15551460=[Santolina], Q15361183=[Salvia], Q15338194=[Leonotis], Q38789319=[Xanthium], Q15365542=[Eugenia], Q15364693=[Scutellaria], Q17135947=[Lomatium], Q15366633=[Sideritis], Q38740085=[Heterotheca], Q159839=[Eucalyptus], Q38704733=[Tanacetum], Q15371037=[Teucrium], Q15372368=[Thymus], Q1818309=[Oenanthe, Water], Q15512750=[Chrysopogon], Q10989015=[Campomanesia], Q15327799=[Hedeoma], Q15605706=[Piper], Q15363656=[Satureja], Q11083819=[Chaerophyllum], Q15603772=[Cinnamomum], Q752675=[Heracleum, Common], Q15349571=[Origanum], Q259318=[Vitex, monk's], Q161924=[Mentha], Q15374794=[Myrcia], Q17133711=[Seseli], Q15339304=[Marrubium], Q55824922=[Senecio], Q17140029=[Uvariodendron], Q15350563=[Phlomis], Q905916=[Lavandula], Q15378916=[Myrcianthes], Q4818142=[Salvia], Q2664982=[Eucalyptus], Q17139254=[Eryngium], Q15375889=[Viticipremna], Q15021944=[Pinus], Q15351408=[Phlomis], Q15360394=[Salvia], Q64375390=[Chamaemelum], Q13853283=[Anacardium], Q15470920=[Artemisia], Q146992=[Abies, Abies], Q21273754=[Kitagawia], Q26085085=[Coleus], Q15634490=[Zanthoxylum], Q161939=[Fritillaria], Q2430270=[Thymbra], Q1357371=[Elsholtzia], Q161937=[Teucrium, Wall], Q17246744=[Drimys], Q1784781=[Stachys], Q15587094=[Achillea], Q3240154=[Ocimum], Q2717116=[Xylopia], Q3596013=[Curcuma, East], Q3004848=[Croton], Q157631=[Marrubium, horehound], Q13423518=[Chinese, Wedelia], Q15591357=[Prangos], Q157872=[Salvia], Q17133980=[Prangos], Q1476895=[Origanum], Q159812=[Pistacia], Q15577487=[Helichrysum], Q15556793=[Tanacetum], Q15314250=[Cunila], Q670040=[Cupressus], Q782073=[Melaleuca], Q26325=[Juniperus, Juniper, Common], Q21267098=[Helichrysum], Q11037713=[Pimpinella], Q15395266=[Callistemon], Q15585914=[Achillea], Q15580468=[Ferulago], Q7844159=[Tristaniopsis], Q15569866=[Chaerophyllum], Q15433501=[Lippia, Lemon], Q7606669=[Steganotaenia], Q15396352=[Eucalyptus], Q889234=[Hypericum, stinking], Q596715=[Geijera], Q15348479=[Origanum], Q15366701=[Sideritis], Q81375=[Cicer, Bengal, chana, chick, garbanzo, Kabuli], Q15364529=[Satureja], Q12207377=[Ducrosia], Q3143724=[Hydrocotyle], Q39281268=[Psidium], Q855896=[Schinus, pepper, Peruvian, American, California, false, peppercorn, pepperina, Peruvian, Peruvian], Q15348462=[Origanum, Origanum], Q15314243=[Cyclotrichium], Q5232988=[Phellodendron], Q15575051=[Eryngium], Q15395016=[Zanthoxylum], Q15569617=[Chaerophyllum], Q15583504=[Hippia], Q7213025=[Eucalyptus, Black], Q630904=[Bifora], Q15396585=[Zanthoxylum], Q3024456=[Zanthoxylum], Q15603511=[Aniba], Q15568521=[Vernonia], Q14905792=[Conyza], Q5991951=[Mantisalca], Q38766184=[Pectis], Q5405723=[Eucalyptus], Q6035160=[Myrceugenia], Q2494758=[Mentha, Mentha, Mentha], Q15351462=[Plectranthus], Q15350134=[Phlomis], Q158542=[Geranium, black], Q673334=[Bidens, three-lobe], Q31936=[Syzygium, jambu, jambu, Malay, Malay, Otaheite, pommerac], Q15338486=[Limnophila], Q15339572=[Aeollanthus], Q537992=[Thapsia, villous], Q15382118=[Plinia], Q499671=[Feijoa, Acca, feijoa, guavasteen, Orthostemon, pineapple], Q8143524=[Alpinia, Buekia, Catimbium, Costus, Languas, Maranta], Q50968899=[Annona], Q875262=[Citrus, tangerine, satsuma, cold-hardy, naartjie, satsuma, unsh?], Q55972777=[Waterhousea], Q15375601=[Thymus], Q15373665=[Teucrium], Q15314023=[Cyclotrichium], Q15368070=[Homoranthus], Q15395429=[Callistemon], Q15585943=[Achillea], Q10898672=[Hibiscus], Q5905871=[Hyptis], Q15396522=[Calyptranthes], Q15337166=[Zingiber], Q15395673=[Callistemon], Q15361680=[Salvia], Q15362532=[Eugenia], Q15365803=[Scutellaria], Q65938274=[Eucalyptus], Q10896493=[Inula], Q1635447=[Kaempferia], Q21877141=[Potentilla], Q15544765=[Protium], Q15372584=[Thymus], Q25284=[parsley, garden, Petroselinum], Q15339319=[Marrubium], Q2709936=[Melaleuca], Q39077737=[Plectranthus], Q2453589=[Conyza, Hairy, flax-leaf], Q17507129=[Citrullus, watermelon], Q15395223=[Calyptranthes], Q1031631=[Bupleurum], Q15349366=[Origanum], Q15602454=[Senecio], Q12981787=[Austrocedrus, Chilean], Q6035174=[Myrcianthes], Q15567640=[Carum], Q4749581=[Amyris], Q17131750=[Oenanthe], Q61105=[Cedrus, Cedar, Lebanon], Q311085=[Eugenia], Q9627520=[Psidium], Q15373682=[Thymus], Q15372596=[Thymus], Q15576105=[Eryngium], Q306504=[Eugenia, Brazilian, Cayenne, Cerisier, Cerisier, pitanga, Suriname], Q15317556=[Dracocephalum], Q1165724=[Cyperus, yellow, chufa, earth, edible, nut, tiger, tiger, water], Q5850408=[Eugenia], Q5489388=[Portlandia], Q685336=[Piper, Long], Q15362555=[Salvia], Q9182669=[Artemisia], Q15581125=[Ferulago], Q15562184=[Angelica], Q148950=[Taxodium, bald, swamp, baldcypress, Gulf, red, southern, tidewater, white, yellow], Q64221633=[Seseli], Q33482=[Platycladus, Chinese, Oriental, Thuja, Oriental], Q11107842=[Cymbopogon], Q157819=[Valeriana, common], Q1342976=[Lavandula, French], Q17138572=[Pimpinella], Q17137243=[Scandix], Q80235=[Tamarindus, Tamarindo, Thamarine], Q15358218=[Salvia], Q6811094=[Melaleuca], Q1668990=[Thymus], Q15557025=[Tanacetum], Q15588328=[Tagetes], Q8066282=[Zanthoxylum], Q163262=[Ononis, Yellow], Q15599691=[Leptocarpha], Q20397083=[Salvia], Q11173597=[Rhododendron], Q15585297=[Achillea], Q6811093=[Melaleuca], Q500=[Citrus, Lemon, Citrus, Citrus, lemon], Q1606492=[Persea], Q155867=[Ricinus, castor, Castor, castorbean], Q28935003=[Coridothymus], Q15247820=[Microtoena], Q15369361=[Marlierea], Q15345372=[Nepeta], Q17137478=[Phellolophium], Q15373863=[Thymus], Q15348407=[Origanum], Q6669194=[Lomatium], Q309878=[Rosa, Himalayan], Q15371439=[Melaleuca], Q38699594=[Achillea], Q6811086=[Melaleuca], Q15561993=[Mikania], Q15395874=[Decaspermum], Q39072043=[Satureja], Q15367189=[Sideritis], Q1721165=[Nepeta], Q878976=[Achillea], Q12234590=[Alkanna], Q402971=[Alpinia], Q5962178=[Hyptis], Q2249633=[Alpinia], Q9325796=[Rosa], Q10888620=[Mikania], Q15371210=[Marlierea], Q17138597=[Pimpinella], Q15372303=[Thymus], Q2068262=[Centaurea, Floravia, Barnaby, Golden, St., Yellow, Yellow], Q15312233=[Clinopodium, Micromeria], Q15373877=[Thymus], Q39289147=[Waterhousea], Q15345366=[Ballota], Q163045=[Dracocephalum], Q15393006=[Feroniella], Q26726=[Cannabis, C., Indian], Q15557006=[Tanacetum], Q15370122=[Marlierea], Q2559069=[Eucalyptus], Q7197320=[Piper], Q11126589=[Eucalyptus], Q15347546=[Origanum], Q15349967=[Pentapleura], Q15588345=[Peucedanum], Q912252=[Valeriana, Nardostachys, Patrinia, Valeriana], Q15546599=[Centratherum], Q39229987=[Talauma], Q1503476=[Aframomum, Grains], Q15356241=[Hemidesmus, Indian], Q15373881=[Thymus], Q15371462=[Teucrium], Q12582616=[Hypericum], Q15582806=[Helichrysum], Q17137251=[Heracleum], Q17138101=[Hippomarathrum], Q2714490=[Ruta], Q151002=[Thymus], Q15432819=[Hernandia], Q15598159=[Koanophyllon], Q15395415=[Callistemon], Q138044=[Cupressus, Cypress], Q26736=[Syzygium], Q849387=[×Citrofortunella, ×, calamondin, Citrofortunella], Q15361422=[Salvia], Q25408=[Achillea, yarrow, Yarrow, common, milfoil], Q7974146=[Waterhousea], Q17131944=[Johreniopsis], Q15392141=[Xanthostemon], Q4457793=[Thymus], Q20645915=[unresolved], Q36084670=[Musa], Q310876=[Melaleuca], Q2167755=[Laser], Q2206924=[Lavandula], Q4191806=[Ziziphora], Q9567461=[Acacia], Q17139625=[Ferula], Q15359101=[Goniothalamus], Q10943466=[Micromeria], Q17137201=[Heracleum], Q15371870=[Melaleuca], Q24852937=[Eucalyptus], Q24852935=[Eucalyptus], Q15231690=[Ferula], Q15370786=[Teucrium], Q578904=[Rosa, Rosa, Damask, Damask], Q15395601=[Calycolpus], Q3955284=[Senecio, oxford], Q15578150=[Eryngium], Q1745164=[Origanum, Origanum], Q50829149=[Boesenbergia], Q15696794=[Artemisia], Q15606439=[Cinnamomum], Q15543051=[Tephrosia], Q7710037=[Thamnosma], Q662046=[Ravensara], Q2005777=[Xanthostemon], Q5049527=[Cassytha], Q15359338=[Eugenia], Q341578=[Torilis, spreading], Q1414643=[Cistus], Q17137434=[Tordylium], Q15366052=[Sideritis], Q80024=[Citrus, pommelo, pummelo, shaddock], Q15366299=[Eugenia], Q5462067=[Pimenta], Q292582=[Thymus], Q43084=[Piper, peppercorn, black], Q571266=[Diospyros, Diospyros], Q15367149=[Homoranthus], Q15432848=[Lippia], Q18079963=[Protium], Q15231440=[Russowia], Q2837067=[Eucalyptus], Q15347353=[Nepeta], Q15570652=[Anthemis], Q722179=[Leptospermum], Q11045138=[Glycosmis, gin, Orangeberry], Q15587293=[Aspilia], Q13920115=[Homoranthus], Q17137464=[Tordylium], Q818481=[Tanacetum, feverfew], Q15395859=[Callistemon], Q15388095=[Tristaniopsis], Q163004=[Cedrela, Cigar-box], Q717857=[Eucalyptus], Q15557688=[Tanacetum], Q27615=[Levisticum, Lovage, lovage], Q2319755=[Nepeta, raceme, dwarf], Q15594814=[Espeletia], Q15557449=[Tanacetum], Q15341801=[Lepechinia], Q291005=[Eugenia, Stenocalyx], Q15570649=[Viguiera], Q15587059=[Tagetes], Q39081171=[Nepeta], Q15275498=[Seseli], Q15629521=[Chrysothamnus], Q15251066=[Chenopodium, Mexican], Q198339=[Clinopodium, Calamintha, Wood], Q15055116=[Thymus], Q15373601=[Thymus], Q17133099=[Cachrys], Q12892282=[Cinnamomum], Q15578124=[Cordia], Q15370568=[Melaleuca], Q905931=[Sium, Greater], Q25686=[Artemisia, absinthe, wormwood, absinthium, absinthe, grand, wermout, wermud, wormid, wormit, wormod], Q2235214=[Aniba, rosaeodora], Q5837281=[Eryngium], Q15372506=[Mosiera], Q39071376=[Calamintha], Q138085=[Cupressus, Chinese], Q3548113=[Ulva], Q15231467=[Senecio], Q15363801=[Eugenia], Q50842577=[Irvingia]}
17:39:03.624 DEBUG org.contentmine.ami.plugins.AMISearcher - SEARCH with dictionary
17:39:03.632 DEBUG org.contentmine.ami.plugins.AMISearcher - SEARCH with dictionary
17:39:03.748 DEBUG org.contentmine.ami.plugins.AMISearcher - SEARCH with dictionary
17:39:03.971 DEBUG org.contentmine.ami.plugins.AMISearcher - SEARCH with dictionary
17:39:04.049 DEBUG org.contentmine.ami.plugins.AMISearcher - SEARCH with dictionary
17:39:04.133 DEBUG org.contentmine.ami.plugins.AMISearcher - SEARCH with dictionary
17:39:04.263 DEBUG org.contentmine.ami.plugins.AMISearcher - SEARCH with dictionary
17:39:04.363 DEBUG org.contentmine.ami.plugins.AMISearcher - SEARCH with dictionary
17:39:04.823 DEBUG org.contentmine.ami.plugins.AMISearcher - SEARCH with dictionary
17:39:04.924 DEBUG org.contentmine.ami.plugins.AMISearcher - SEARCH with dictionary
17:39:05.035 DEBUG org.contentmine.ami.plugins.AMISearcher - SEARCH with dictionary
17:39:05.107 DEBUG org.contentmine.ami.plugins.AMISearcher - SEARCH with dictionary
17:39:05.211 DEBUG org.contentmine.ami.plugins.AMISearcher - SEARCH with dictionary
17:39:05.314 DEBUG org.contentmine.ami.plugins.AMISearcher - SEARCH with dictionary
17:39:05.440 DEBUG org.contentmine.ami.plugins.AMISearcher - SEARCH with dictionary
17:39:05.553 DEBUG org.contentmine.ami.plugins.AMISearcher - SEARCH with dictionary
17:39:05.666 DEBUG org.contentmine.ami.plugins.AMISearcher - SEARCH with dictionary
17:39:05.801 DEBUG org.contentmine.ami.plugins.AMISearcher - SEARCH with dictionary
17:39:05.868 DEBUG org.contentmine.ami.plugins.AMISearcher - SEARCH with dictionary
17:39:06.152 DEBUG org.contentmine.ami.plugins.AMISearcher - SEARCH with dictionary
17:39:06.235 DEBUG org.contentmine.ami.plugins.AMISearcher - SEARCH with dictionary
17:39:06.293 DEBUG org.contentmine.ami.plugins.AMISearcher - SEARCH with dictionary
17:39:06.380 DEBUG org.contentmine.ami.plugins.AMISearcher - SEARCH with dictionary
17:39:06.435 DEBUG org.contentmine.ami.plugins.AMISearcher - SEARCH with dictionary
17:39:06.565 DEBUG org.contentmine.ami.plugins.AMISearcher - SEARCH with dictionary
17:39:06.734 DEBUG org.contentmine.ami.plugins.AMISearcher - SEARCH with dictionary
17:39:06.815 DEBUG org.contentmine.ami.plugins.AMISearcher - SEARCH with dictionary
17:39:06.929 DEBUG org.contentmine.ami.plugins.AMISearcher - SEARCH with dictionary
17:39:07.005 DEBUG org.contentmine.ami.plugins.AMISearcher - SEARCH with dictionary
17:39:07.167 DEBUG org.contentmine.ami.plugins.AMISearcher - SEARCH with dictionary
17:39:07.290 DEBUG org.contentmine.ami.plugins.AMISearcher - SEARCH with dictionary
17:39:07.397 DEBUG org.contentmine.ami.plugins.AMISearcher - SEARCH with dictionary
17:39:07.562 DEBUG org.contentmine.ami.plugins.AMISearcher - SEARCH with dictionary
17:39:07.624 DEBUG org.contentmine.ami.plugins.AMISearcher - SEARCH with dictionary
17:39:07.686 DEBUG org.contentmine.ami.plugins.AMISearcher - SEARCH with dictionary
17:39:07.714 DEBUG org.contentmine.ami.plugins.AMISearcher - SEARCH with dictionary
17:39:07.801 DEBUG org.contentmine.ami.plugins.AMISearcher - SEARCH with dictionary
17:39:07.880 DEBUG org.contentmine.ami.plugins.AMISearcher - SEARCH with dictionary
17:39:08.009 DEBUG org.contentmine.ami.plugins.AMISearcher - SEARCH with dictionary
17:39:08.062 DEBUG org.contentmine.ami.plugins.AMISearcher - SEARCH with dictionary
17:39:08.108 DEBUG org.contentmine.ami.plugins.AMISearcher - SEARCH with dictionary
17:39:08.155 DEBUG org.contentmine.ami.plugins.AMISearcher - SEARCH with dictionary
17:39:08.215 DEBUG org.contentmine.ami.plugins.AMISearcher - SEARCH with dictionary
17:39:08.244 DEBUG org.contentmine.ami.plugins.AMISearcher - SEARCH with dictionary
17:39:08.303 DEBUG org.contentmine.ami.plugins.AMISearcher - SEARCH with dictionary
17:39:08.333 DEBUG org.contentmine.ami.plugins.AMISearcher - SEARCH with dictionary
17:39:08.381 DEBUG org.contentmine.ami.plugins.AMISearcher - SEARCH with dictionary
17:39:08.615 DEBUG org.contentmine.ami.plugins.AMISearcher - SEARCH with dictionary
17:39:08.764 DEBUG org.contentmine.ami.plugins.AMISearcher - SEARCH with dictionary
17:39:09.069 DEBUG org.contentmine.ami.plugins.AMISearcher - SEARCH with dictionary
17:39:09.306 DEBUG org.contentmine.ami.plugins.AMISearcher - SEARCH with dictionary
17:39:09.519 DEBUG org.contentmine.ami.plugins.AMISearcher - SEARCH with dictionary
17:39:09.629 DEBUG org.contentmine.ami.plugins.AMISearcher - SEARCH with dictionary
17:39:09.704 DEBUG org.contentmine.ami.plugins.AMISearcher - SEARCH with dictionary
17:39:09.886 DEBUG org.contentmine.ami.plugins.AMISearcher - SEARCH with dictionary
17:39:09.978 DEBUG org.contentmine.ami.plugins.AMISearcher - SEARCH with dictionary
17:39:10.118 DEBUG org.contentmine.ami.plugins.AMISearcher - SEARCH with dictionary
17:39:10.181 DEBUG org.contentmine.ami.plugins.AMISearcher - SEARCH with dictionary
17:39:10.233 DEBUG org.contentmine.ami.plugins.AMISearcher - SEARCH with dictionary
17:39:10.312 DEBUG org.contentmine.ami.plugins.AMISearcher - SEARCH with dictionary
17:39:10.380 DEBUG org.contentmine.ami.plugins.AMISearcher - SEARCH with dictionary
17:39:10.565 DEBUG org.contentmine.ami.plugins.AMISearcher - SEARCH with dictionary
17:39:10.772 DEBUG org.contentmine.ami.plugins.AMISearcher - SEARCH with dictionary
17:39:10.829 DEBUG org.contentmine.ami.plugins.AMISearcher - SEARCH with dictionary
17:39:10.878 DEBUG org.contentmine.ami.plugins.AMISearcher - SEARCH with dictionary
17:39:10.930 DEBUG org.contentmine.ami.plugins.AMISearcher - SEARCH with dictionary
17:39:11.010 DEBUG org.contentmine.ami.plugins.AMISearcher - SEARCH with dictionary
17:39:11.147 DEBUG org.contentmine.ami.plugins.AMISearcher - SEARCH with dictionary
17:39:11.215 DEBUG org.contentmine.ami.plugins.AMISearcher - SEARCH with dictionary
17:39:11.280 DEBUG org.contentmine.ami.plugins.AMISearcher - SEARCH with dictionary
17:39:11.356 DEBUG org.contentmine.ami.plugins.AMISearcher - SEARCH with dictionary
17:39:11.599 DEBUG org.contentmine.ami.plugins.AMISearcher - SEARCH with dictionary
17:39:11.614 DEBUG org.contentmine.ami.plugins.AMISearcher - SEARCH with dictionary
17:39:11.690 DEBUG org.contentmine.ami.plugins.AMISearcher - SEARCH with dictionary
17:39:11.774 DEBUG org.contentmine.ami.plugins.AMISearcher - SEARCH with dictionary
17:39:11.997 DEBUG org.contentmine.ami.plugins.AMISearcher - SEARCH with dictionary
17:39:12.052 DEBUG org.contentmine.ami.plugins.AMISearcher - SEARCH with dictionary
17:39:12.166 DEBUG org.contentmine.ami.plugins.AMISearcher - SEARCH with dictionary
17:39:12.207 DEBUG org.contentmine.ami.plugins.AMISearcher - SEARCH with dictionary
17:39:12.298 DEBUG org.contentmine.ami.plugins.AMISearcher - SEARCH with dictionary
17:39:12.326 DEBUG org.contentmine.ami.plugins.AMISearcher - SEARCH with dictionary
17:39:12.374 DEBUG org.contentmine.ami.plugins.AMISearcher - SEARCH with dictionary
17:39:12.438 DEBUG org.contentmine.ami.plugins.AMISearcher - SEARCH with dictionary
17:39:12.484 DEBUG org.contentmine.ami.plugins.AMISearcher - SEARCH with dictionary
17:39:12.614 DEBUG org.contentmine.ami.plugins.AMISearcher - SEARCH with dictionary
17:39:12.771 DEBUG org.contentmine.ami.plugins.AMISearcher - SEARCH with dictionary
17:39:12.837 DEBUG org.contentmine.ami.plugins.AMISearcher - SEARCH with dictionary
17:39:12.890 DEBUG org.contentmine.ami.plugins.AMISearcher - SEARCH with dictionary
17:39:12.911 DEBUG org.contentmine.ami.plugins.AMISearcher - SEARCH with dictionary
17:39:12.949 DEBUG org.contentmine.ami.plugins.AMISearcher - SEARCH with dictionary
17:39:12.979 DEBUG org.contentmine.ami.plugins.AMISearcher - SEARCH with dictionary
17:39:13.005 DEBUG org.contentmine.ami.plugins.AMISearcher - SEARCH with dictionary
17:39:13.032 DEBUG org.contentmine.ami.plugins.AMISearcher - SEARCH with dictionary
17:39:13.046 DEBUG org.contentmine.ami.plugins.AMISearcher - SEARCH with dictionary
17:39:13.058 DEBUG org.contentmine.ami.plugins.AMISearcher - SEARCH with dictionary
17:39:13.103 DEBUG org.contentmine.ami.plugins.AMISearcher - SEARCH with dictionary
17:39:13.125 DEBUG org.contentmine.ami.plugins.AMISearcher - SEARCH with dictionary
17:39:13.162 DEBUG org.contentmine.ami.plugins.AMISearcher - SEARCH with dictionary
17:39:13.180 DEBUG org.contentmine.ami.plugins.AMISearcher - SEARCH with dictionary
17:39:13.219 DEBUG org.contentmine.ami.plugins.AMISearcher - SEARCH with dictionary
17:39:13.268 DEBUG org.contentmine.ami.plugins.AMISearcher - SEARCH with dictionary
17:39:14.055 INFO  org.contentmine.ami.tools.AbstractAMISearchTool - Running oldstyle datatales
17:39:14.056 WARN  org.contentmine.ami.plugins.CommandProcessor - 
create data tables
17:39:14.200 WARN  org.contentmine.ami.plugins.ResultsAnalysisImpl - Null pluginOption
17:39:14.572 DEBUG org.contentmine.ami.AMIProcessor - dicts: [plant.xml]
17:39:14.572 DEBUG org.contentmine.ami.AMIProcessor - Analysing facets: [plant.xml]
17:39:14.923 DEBUG org.contentmine.ami.plugins.OccurrenceAnalyzer - Globbed 0 results files under (activity) with regex (.*\\plant\\results\.xml)
17:39:14.974 DEBUG org.contentmine.ami.plugins.CooccurrenceAnalyzer - rowA number of elements 0
17:39:14.974 DEBUG org.contentmine.ami.plugins.CooccurrenceAnalyzer - colA number of elements 0
17:39:14.974 DEBUG org.contentmine.ami.plugins.CooccurrenceAnalyzer - rows trees> 0 / []
17:39:14.974 DEBUG org.contentmine.ami.plugins.CooccurrenceAnalyzer - cols trees> 0 / []
17:39:14.974 DEBUG org.contentmine.ami.plugins.CooccurrenceAnalyzer - rows plant / {}
17:39:14.974 DEBUG org.contentmine.ami.plugins.CooccurrenceAnalyzer - cols plant / {}
17:39:14.974 DEBUG org.contentmine.ami.plugins.CooccurrenceAnalyzer - files by rows plant / {}
17:39:14.974 DEBUG org.contentmine.ami.plugins.CooccurrenceAnalyzer - files by cols plant / {}
17:39:14.975 DEBUG org.contentmine.ami.plugins.CooccurrenceAnalyzer - COOC: ()
