03:14:35.195 INFO  org.contentmine.ami.tools.AMI - args: [-p, activity_corpus, search, --dictionary, eoPlant.xml]
03:14:35.234 DEBUG org.contentmine.ami.tools.AMI - Specified verbosity=0, this translates to level=WARN
03:14:35.234 DEBUG org.contentmine.ami.tools.AMI - Reconfiguring Console appender with WARN
03:14:35.235 INFO  org.contentmine.ami.tools.AMI - (The console will show WARN level messages)
03:14:35.235 INFO  org.contentmine.ami.tools.AMI - (Logs will also be printed to C:\Users\DELL\CEVOpen\logs\ami.log)
03:14:35.238 DEBUG org.contentmine.ami.tools.AMI - Version: ami 2020.08.09_09.54-NEXT-SNAPSHOT
(jar:file:/C:/Users/DELL/ami3/target/appassembler/repo/ami3-2020.08.09_09.54-NEXT-SNAPSHOT.jar)
JVM: 13.0.2 (Oracle Corporation Java HotSpot(TM) 64-Bit Server VM 13.0.2+8)
OS: Windows 10 10.0 amd64

03:14:35.239 WARN  org.contentmine.ami.tools.AbstractAMITool - 
03:14:35.239 WARN  org.contentmine.ami.tools.AbstractAMITool - Generic values (AMISearchTool)
03:14:35.240 WARN  org.contentmine.ami.tools.AbstractAMITool - ================================
03:14:35.240 WARN  org.contentmine.ami.tools.AbstractAMITool - not found: cProject must be existing directory or have directory parent: activity_corpus (C:\Users\DELL\CEVOpen\activity_corpus
03:14:35.240 WARN  org.contentmine.ami.tools.AbstractAMITool - ************************
WARNING: CProject directory does not exist
************************

03:14:35.241 INFO  org.contentmine.ami.tools.AbstractAMITool - input basename      null
03:14:35.241 INFO  org.contentmine.ami.tools.AbstractAMITool - input basename list null
03:14:35.241 INFO  org.contentmine.ami.tools.AbstractAMITool - cproject            
03:14:35.241 INFO  org.contentmine.ami.tools.AbstractAMITool - ctree               
03:14:35.241 INFO  org.contentmine.ami.tools.AbstractAMITool - cTreeList           null
03:14:35.241 INFO  org.contentmine.ami.tools.AbstractAMITool - excludeBase         {}
03:14:35.241 INFO  org.contentmine.ami.tools.AbstractAMITool - excludeTrees        {}
03:14:35.241 INFO  org.contentmine.ami.tools.AbstractAMITool - forceMake           false
03:14:35.241 INFO  org.contentmine.ami.tools.AbstractAMITool - includeBase         {}
03:14:35.241 INFO  org.contentmine.ami.tools.AbstractAMITool - includeTrees        null
03:14:35.241 INFO  org.contentmine.ami.tools.AbstractAMITool - log4j               {}
03:14:35.241 INFO  org.contentmine.ami.tools.AbstractAMITool - verbose             0
03:14:35.242 WARN  org.contentmine.ami.tools.AbstractAMITool - 
03:14:35.242 WARN  org.contentmine.ami.tools.AbstractAMITool - Specific values (AMISearchTool)
03:14:35.243 WARN  org.contentmine.ami.tools.AbstractAMITool - ================================
03:14:35.243 INFO  org.contentmine.ami.tools.AbstractAMITool - Command line options for 'ami search':
03:14:35.246 INFO  org.contentmine.ami.tools.AbstractAMITool - --stripNumbers      : d     false
03:14:35.247 INFO  org.contentmine.ami.tools.AbstractAMITool - --wordCount         : d (20,1000000)
03:14:35.247 INFO  org.contentmine.ami.tools.AbstractAMITool - --wordLength        : d    (1,20)
03:14:35.247 INFO  org.contentmine.ami.tools.AbstractAMITool - --wikidataBiblio    : d     false
03:14:35.247 INFO  org.contentmine.ami.tools.AbstractAMITool - --no-oldstyle       : d      true
03:14:35.247 INFO  org.contentmine.ami.tools.AbstractAMITool - --dictionary        : m [eoPlant.xml]
03:14:35.247 INFO  org.contentmine.ami.tools.AbstractAMITool - --dictionarySuffix  : d     [xml]
03:14:35.248 INFO  org.contentmine.ami.tools.AbstractAMITool - --dictionaryTop     : d [C:\Users\DELL/ami/dictionary]
03:14:35.248 INFO  org.contentmine.ami.tools.AbstractAMITool - --ignorePlugins     : d        []
03:14:35.248 INFO  org.contentmine.ami.tools.AbstractAMITool - --help              : d     false
03:14:35.248 INFO  org.contentmine.ami.tools.AbstractAMITool - --version           : d     false
03:14:35.513 DEBUG org.contentmine.ami.tools.AMISearchTool - cannot find dictionar: C:\Users\DELL\ami\dictionary\eoPlant.xml.xml
03:14:35.534 INFO  org.contentmine.ami.tools.AMISearchTool - cannot find dictionary: eoPlant.xml
03:14:35.539 WARN  org.contentmine.ami.tools.AMISearchTool - created COMMAND: word(frequencies)xpath:@count>20~w.stopwords:pmcstop.txt_stopwords.txt search(eoPlant.xml)
03:14:35.540 DEBUG org.contentmine.ami.tools.AbstractAMISearchTool - old style search command); to be changed
03:14:35.540 ERROR org.contentmine.ami.tools.AbstractAMISearchTool - requires cProject
